<?xml version="1.0" encoding="utf-8"?><testsuites name="pytest tests"><testsuite name="pytest" errors="0" failures="0" skipped="0" tests="10" time="21.175" timestamp="2026-03-20T10:14:37.472750+00:00" hostname="agent-env-02abb084-96d2-4783-bad5-29ef88a567f6"><testcase classname="tests.test_live_dashboard_fixes.TestLiveDashboardFixes" name="test_live_dashboard_api_returns_correct_date" time="0.651" /><testcase classname="tests.test_live_dashboard_fixes.TestLiveDashboardFixes" name="test_live_dashboard_queries_by_deployment_id" time="0.440" /><testcase classname="tests.test_live_dashboard_fixes.TestLiveDashboardFixes" name="test_total_hours_includes_active_records" time="0.473" /><testcase classname="tests.test_live_dashboard_fixes.TestLiveDashboardFixes" name="test_category_hours_includes_active_records" time="0.439" /><testcase classname="tests.test_live_dashboard_fixes.TestLiveDashboardFixes" name="test_bnb_hours_include_active_records" time="0.480" /><testcase classname="tests.test_live_dashboard_fixes.TestPauseResumeStopLogic" name="test_pause_does_not_count_as_active_time" time="7.910" /><testcase classname="tests.test_live_dashboard_fixes.TestPauseResumeStopLogic" name="test_stop_calculates_correct_duration" time="3.764" /><testcase classname="tests.test_live_dashboard_fixes.TestLiveDashboardActiveRecordData" name="test_active_record_contains_timer_data" time="0.451" /><testcase classname="tests.test_live_dashboard_fixes.TestLiveDashboardActiveRecordData" name="test_status_badge_values" time="0.442" /><testcase classname="tests.test_live_dashboard_fixes.TestCalculateLiveDurationFunction" name="test_live_hours_in_dashboard_for_active_collection" time="5.923" /></testsuite></testsuites>