<?xml version="1.0" encoding="utf-8"?><testsuites name="pytest tests"><testsuite name="pytest" errors="0" failures="0" skipped="0" tests="7" time="7.709" timestamp="2026-03-21T13:42:15.923125+00:00" hostname="agent-env-a979ee8a-7bea-405d-b093-6b703ef6a62d"><testcase classname="backend.tests.test_inventory_refactor.TestInventoryRefactor" name="test_events_endpoint_captures_user_info" time="0.495" /><testcase classname="backend.tests.test_inventory_refactor.TestInventoryRefactor" name="test_events_list_includes_user_name" time="0.457" /><testcase classname="backend.tests.test_inventory_refactor.TestInventoryRefactor" name="test_items_endpoint_returns_category" time="0.800" /><testcase classname="backend.tests.test_inventory_refactor.TestInventoryRefactor" name="test_create_item_with_new_category" time="1.431" /><testcase classname="backend.tests.test_inventory_refactor.TestInventoryRefactor" name="test_transfer_event_with_manager_user" time="0.787" /><testcase classname="backend.tests.test_inventory_refactor.TestCategoryConstants" name="test_expected_categories_accepted" time="3.239" /><testcase classname="backend.tests.test_inventory_refactor.TestCategoryConstants" name="test_no_general_or_tools_in_new_items" time="0.449" /></testsuite></testsuites>