<?xml version="1.0" encoding="utf-8"?><testsuites name="pytest tests"><testsuite name="pytest" errors="0" failures="0" skipped="0" tests="14" time="13.573" timestamp="2026-03-18T21:22:02.867487+00:00" hostname="agent-env-a1c9f29f-d434-4330-b10d-1af6f0973ec6"><testcase classname="backend.tests.test_handover_and_lost.TestAuthentication" name="test_admin_login" time="0.579" /><testcase classname="backend.tests.test_handover_and_lost.TestAuthentication" name="test_manager_login" time="0.414" /><testcase classname="backend.tests.test_handover_and_lost.TestHandoverEndpoints" name="test_handover_endpoint_exists" time="0.724" /><testcase classname="backend.tests.test_handover_and_lost.TestHandoverEndpoints" name="test_handover_with_missing_items" time="0.680" /><testcase classname="backend.tests.test_handover_and_lost.TestHandoverEndpoints" name="test_get_handovers_by_deployment" time="0.788" /><testcase classname="backend.tests.test_handover_and_lost.TestLostEventHandling" name="test_create_lost_event_updates_item_status" time="1.163" /><testcase classname="backend.tests.test_handover_and_lost.TestLostEventHandling" name="test_lost_event_reduces_quantity" time="1.093" /><testcase classname="backend.tests.test_handover_and_lost.TestShiftControls" name="test_start_shift_requires_deployment" time="0.614" /><testcase classname="backend.tests.test_handover_and_lost.TestShiftControls" name="test_full_shift_lifecycle" time="2.178" /><testcase classname="backend.tests.test_handover_and_lost.TestShiftControls" name="test_get_shifts_by_deployment" time="0.703" /><testcase classname="backend.tests.test_handover_and_lost.TestQuickActions" name="test_transfer_event" time="1.089" /><testcase classname="backend.tests.test_handover_and_lost.TestQuickActions" name="test_damage_event_updates_status" time="0.995" /><testcase classname="backend.tests.test_handover_and_lost.TestQuickActions" name="test_lost_event_exists" time="0.687" /><testcase classname="backend.tests.test_handover_and_lost.TestHandoverWithLostReporting" name="test_handover_lost_flag_creates_event" time="1.785" /></testsuite></testsuites>