<?xml version="1.0" encoding="utf-8"?><testsuites name="pytest tests"><testsuite name="pytest" errors="0" failures="0" skipped="0" tests="13" time="8.121" timestamp="2026-03-22T10:24:03.922771+00:00" hostname="agent-env-38abd356-621a-4e07-9499-56917a657241"><testcase classname="backend.tests.test_task_categories_shift_mapping.TestTaskCategoriesAPI" name="test_get_task_categories_returns_list" time="0.644" /><testcase classname="backend.tests.test_task_categories_shift_mapping.TestTaskCategoriesAPI" name="test_create_task_category_admin_only" time="0.550" /><testcase classname="backend.tests.test_task_categories_shift_mapping.TestTaskCategoriesAPI" name="test_update_task_category" time="0.711" /><testcase classname="backend.tests.test_task_categories_shift_mapping.TestTaskCategoriesAPI" name="test_delete_task_category" time="0.595" /><testcase classname="backend.tests.test_task_categories_shift_mapping.TestTaskCategoriesAPI" name="test_delete_nonexistent_category_returns_404" time="0.419" /><testcase classname="backend.tests.test_task_categories_shift_mapping.TestTaskCategoriesAPI" name="test_default_categories_exist" time="0.726" /><testcase classname="backend.tests.test_task_categories_shift_mapping.TestHardwareCheckShiftMapping" name="test_hardware_check_status_accepts_shift_type_param" time="0.631" /><testcase classname="backend.tests.test_task_categories_shift_mapping.TestHardwareCheckShiftMapping" name="test_hardware_check_create_requires_shift_type" time="0.543" /><testcase classname="backend.tests.test_task_categories_shift_mapping.TestHardwareCheckShiftMapping" name="test_hardware_check_shift_type_validation" time="0.544" /><testcase classname="backend.tests.test_task_categories_shift_mapping.TestHardwareCheckShiftMapping" name="test_hardware_checks_list_filter_by_shift_type" time="0.536" /><testcase classname="backend.tests.test_task_categories_shift_mapping.TestShiftRecordFiltering" name="test_shifts_by_deployment_returns_shift_field" time="0.529" /><testcase classname="backend.tests.test_task_categories_shift_mapping.TestShiftRecordFiltering" name="test_start_shift_includes_shift_field" time="0.741" /><testcase classname="backend.tests.test_task_categories_shift_mapping.TestAdminPanelTaskCategories" name="test_task_categories_crud_flow" time="0.832" /></testsuite></testsuites>