<?xml version="1.0" encoding="utf-8"?><testsuites name="pytest tests"><testsuite name="pytest" errors="0" failures="0" skipped="0" tests="17" time="15.859" timestamp="2026-03-18T20:20:39.369433+00:00" hostname="agent-env-a1c9f29f-d434-4330-b10d-1af6f0973ec6"><testcase classname="backend.tests.test_shift_time_tracking.TestShiftTimeTracking" name="test_login_manager" time="0.549" /><testcase classname="backend.tests.test_shift_time_tracking.TestShiftTimeTracking" name="test_no_active_shift_initially" time="0.111" /><testcase classname="backend.tests.test_shift_time_tracking.TestShiftTimeTracking" name="test_start_shift_success" time="0.918" /><testcase classname="backend.tests.test_shift_time_tracking.TestShiftTimeTracking" name="test_start_shift_requires_kit_ssd_activity" time="0.415" /><testcase classname="backend.tests.test_shift_time_tracking.TestShiftTimeTracking" name="test_active_shift_check" time="0.131" /><testcase classname="backend.tests.test_shift_time_tracking.TestShiftTimeTracking" name="test_pause_shift" time="1.265" /><testcase classname="backend.tests.test_shift_time_tracking.TestShiftTimeTracking" name="test_resume_shift" time="1.242" /><testcase classname="backend.tests.test_shift_time_tracking.TestShiftTimeTracking" name="test_stop_shift_calculates_duration" time="2.279" /><testcase classname="backend.tests.test_shift_time_tracking.TestShiftTimeTracking" name="test_duration_calculation_with_pauses" time="5.655" /><testcase classname="backend.tests.test_shift_time_tracking.TestShiftTimeTracking" name="test_cannot_start_duplicate_shift" time="0.482" /><testcase classname="backend.tests.test_shift_time_tracking.TestShiftTimeTracking" name="test_cannot_pause_already_paused" time="0.570" /><testcase classname="backend.tests.test_shift_time_tracking.TestShiftTimeTracking" name="test_cannot_resume_already_active" time="0.511" /><testcase classname="backend.tests.test_shift_time_tracking.TestLiveDashboardAutoCalculated" name="test_dashboard_live_endpoint" time="0.505" /><testcase classname="backend.tests.test_shift_time_tracking.TestLiveDashboardAutoCalculated" name="test_shifts_today_endpoint" time="0.111" /><testcase classname="backend.tests.test_shift_time_tracking.TestLiveDashboardAutoCalculated" name="test_shifts_list_endpoint" time="0.166" /><testcase classname="backend.tests.test_shift_time_tracking.TestNoManualHoursInput" name="test_shift_start_no_hours_field" time="0.740" /><testcase classname="backend.tests.test_shift_time_tracking.TestNoManualHoursInput" name="test_events_no_hours_field" time="0.125" /></testsuite></testsuites>