<?xml version="1.0" encoding="utf-8"?><testsuites name="pytest tests"><testsuite name="pytest" errors="0" failures="0" skipped="0" tests="17" time="8.739" timestamp="2026-03-18T19:25:45.957451+00:00" hostname="agent-env-a1c9f29f-d434-4330-b10d-1af6f0973ec6"><testcase classname="backend.tests.test_ops_management.TestHealth" name="test_health_endpoint" time="0.206" /><testcase classname="backend.tests.test_ops_management.TestAuth" name="test_login_admin_success" time="0.446" /><testcase classname="backend.tests.test_ops_management.TestAuth" name="test_login_invalid_credentials" time="0.121" /><testcase classname="backend.tests.test_ops_management.TestAuth" name="test_me_without_token" time="0.165" /><testcase classname="backend.tests.test_ops_management.TestLiveDashboard" name="test_live_dashboard_returns_simplified_structure" time="0.492" /><testcase classname="backend.tests.test_ops_management.TestLiveDashboard" name="test_live_dashboard_requires_auth" time="0.188" /><testcase classname="backend.tests.test_ops_management.TestUsers" name="test_get_users" time="0.464" /><testcase classname="backend.tests.test_ops_management.TestUsers" name="test_create_deployment_manager" time="0.863" /><testcase classname="backend.tests.test_ops_management.TestBnBs" name="test_get_bnbs" time="0.494" /><testcase classname="backend.tests.test_ops_management.TestBnBs" name="test_create_bnb" time="0.553" /><testcase classname="backend.tests.test_ops_management.TestKits" name="test_get_kits" time="0.439" /><testcase classname="backend.tests.test_ops_management.TestKits" name="test_create_kit" time="0.752" /><testcase classname="backend.tests.test_ops_management.TestDeployments" name="test_get_deployments" time="0.442" /><testcase classname="backend.tests.test_ops_management.TestDeployments" name="test_create_deployment" time="1.091" /><testcase classname="backend.tests.test_ops_management.TestEvents" name="test_shift_end_requires_ssd_and_activity" time="0.790" /><testcase classname="backend.tests.test_ops_management.TestEvents" name="test_shift_start" time="0.722" /><testcase classname="backend.tests.test_ops_management.TestRoleBasedAccess" name="test_admin_cannot_access_protected_endpoints_without_token" time="0.375" /></testsuite></testsuites>