<?xml version="1.0" encoding="utf-8"?><testsuites name="pytest tests"><testsuite name="pytest" errors="0" failures="0" skipped="0" tests="17" time="8.721" timestamp="2026-03-20T15:00:18.430136+00:00" hostname="agent-env-52422274-6793-4eef-ba80-2a548d8a5a85"><testcase classname="backend.tests.test_operational_date_fix.TestOperationalDateEndpoint" name="test_operational_date_endpoint_returns_200" time="0.226" /><testcase classname="backend.tests.test_operational_date_fix.TestOperationalDateEndpoint" name="test_operational_date_returns_correct_format" time="0.135" /><testcase classname="backend.tests.test_operational_date_fix.TestOperationalDateEndpoint" name="test_operational_date_returns_timezone" time="0.115" /><testcase classname="backend.tests.test_operational_date_fix.TestOperationalDateEndpoint" name="test_operational_date_returns_note" time="0.110" /><testcase classname="backend.tests.test_operational_date_fix.TestOperationalDateLogic" name="test_operational_date_considers_5am_cutoff" time="0.201" /><testcase classname="backend.tests.test_operational_date_fix.TestFrontendPagesUseOperationalDate" name="test_incidents_page_uses_operational_date" time="0.726" /><testcase classname="backend.tests.test_operational_date_fix.TestFrontendPagesUseOperationalDate" name="test_analytics_page_uses_operational_date" time="0.620" /><testcase classname="backend.tests.test_operational_date_fix.TestFrontendPagesUseOperationalDate" name="test_hardware_dashboard_uses_operational_date" time="0.625" /><testcase classname="backend.tests.test_operational_date_fix.TestFrontendPagesUseOperationalDate" name="test_my_deployments_uses_operational_date" time="0.648" /><testcase classname="backend.tests.test_operational_date_fix.TestFrontendPagesUseOperationalDate" name="test_deployment_planning_uses_operational_date" time="0.593" /><testcase classname="backend.tests.test_operational_date_fix.TestFrontendPagesUseOperationalDate" name="test_admin_analytics_uses_operational_date" time="0.815" /><testcase classname="backend.tests.test_operational_date_fix.TestFrontendPagesUseOperationalDate" name="test_handover_uses_operational_date" time="0.637" /><testcase classname="backend.tests.test_operational_date_fix.TestFrontendPagesUseOperationalDate" name="test_live_dashboard_uses_operational_date" time="0.619" /><testcase classname="backend.tests.test_operational_date_fix.TestFrontendPagesUseOperationalDate" name="test_deployments_page_uses_operational_date" time="0.624" /><testcase classname="backend.tests.test_operational_date_fix.TestOperationalDateIntegration" name="test_deployments_today_endpoint_uses_operational_date" time="0.694" /><testcase classname="backend.tests.test_operational_date_fix.TestOperationalDateIntegration" name="test_events_today_endpoint_uses_operational_date" time="0.558" /><testcase classname="backend.tests.test_operational_date_fix.TestOperationalDateIntegration" name="test_shifts_today_endpoint_uses_operational_date" time="0.672" /></testsuite></testsuites>