<?xml version="1.0" encoding="utf-8"?><testsuites name="pytest tests"><testsuite name="pytest" errors="0" failures="0" skipped="0" tests="10" time="4.563" timestamp="2026-03-21T21:32:06.183739+00:00" hostname="agent-env-15c8b01d-ccc3-407a-8cdd-90963ee22b66"><testcase classname="backend.tests.test_hardware_check_flow.TestHardwareCheckFlow" name="test_01_hardware_check_status_endpoint_returns_shift_specific_status" time="0.599" /><testcase classname="backend.tests.test_hardware_check_flow.TestHardwareCheckFlow" name="test_02_hardware_check_status_with_shift_type_param" time="0.477" /><testcase classname="backend.tests.test_hardware_check_flow.TestHardwareCheckFlow" name="test_03_create_hardware_check_requires_shift_type" time="0.447" /><testcase classname="backend.tests.test_hardware_check_flow.TestHardwareCheckFlow" name="test_04_hardware_check_status_updates_after_submission" time="0.418" /><testcase classname="backend.tests.test_hardware_check_flow.TestHardwareCheckFlow" name="test_05_second_hardware_check_same_shift_is_rejected" time="0.428" /><testcase classname="backend.tests.test_hardware_check_flow.TestHardwareCheckFlow" name="test_06_different_shift_allows_new_hardware_check" time="0.391" /><testcase classname="backend.tests.test_hardware_check_flow.TestHardwareCheckFlow" name="test_07_hardware_check_list_endpoint" time="0.413" /><testcase classname="backend.tests.test_hardware_check_flow.TestHardwareCheckFlow" name="test_08_deployment_exists_for_testing" time="0.391" /><testcase classname="backend.tests.test_hardware_check_flow.TestShiftCollectionFlow" name="test_01_shifts_by_deployment_endpoint" time="0.397" /><testcase classname="backend.tests.test_hardware_check_flow.TestShiftCollectionFlow" name="test_02_start_collection_requires_shift_field" time="0.410" /></testsuite></testsuites>