<?xml version="1.0" encoding="utf-8"?><testsuites name="pytest tests"><testsuite name="pytest" errors="0" failures="0" skipped="0" tests="12" time="7.341" timestamp="2026-03-20T11:43:59.111674+00:00" hostname="agent-env-02abb084-96d2-4783-bad5-29ef88a567f6"><testcase classname="backend.tests.test_deployment_date_structure.TestDeploymentStructure" name="test_deployment_model_has_morning_evening_managers" time="0.554" /><testcase classname="backend.tests.test_deployment_date_structure.TestDeploymentStructure" name="test_create_deployment_with_new_structure" time="0.777" /><testcase classname="backend.tests.test_deployment_date_structure.TestDeploymentStructure" name="test_one_deployment_per_bnb_per_date" time="0.924" /><testcase classname="backend.tests.test_deployment_date_structure.TestCollectionShiftFromUserSelection" name="test_shift_start_requires_shift_field" time="0.799" /><testcase classname="backend.tests.test_deployment_date_structure.TestCollectionShiftFromUserSelection" name="test_collection_date_from_deployment_not_timestamp" time="0.559" /><testcase classname="backend.tests.test_deployment_date_structure.TestLiveDashboardDateAndShift" name="test_live_dashboard_returns_correct_date" time="0.443" /><testcase classname="backend.tests.test_deployment_date_structure.TestLiveDashboardDateAndShift" name="test_live_dashboard_bnb_shift_hours" time="0.442" /><testcase classname="backend.tests.test_deployment_date_structure.TestLiveDashboardDateAndShift" name="test_live_dashboard_kit_has_shift_field" time="0.447" /><testcase classname="backend.tests.test_deployment_date_structure.TestInventoryTransfer" name="test_transfer_event_creates_event" time="0.576" /><testcase classname="backend.tests.test_deployment_date_structure.TestInventoryTransfer" name="test_transfer_updates_item_location" time="0.816" /><testcase classname="backend.tests.test_deployment_date_structure.TestDeploymentDateSingleSourceOfTruth" name="test_shifts_api_filters_by_date" time="0.453" /><testcase classname="backend.tests.test_deployment_date_structure.TestDeploymentDateSingleSourceOfTruth" name="test_deployments_filter_by_date" time="0.447" /></testsuite></testsuites>