<?xml version="1.0" encoding="utf-8"?><testsuites name="pytest tests"><testsuite name="pytest" errors="0" failures="0" skipped="0" tests="12" time="8.480" timestamp="2026-03-24T17:59:26.532768+00:00" hostname="agent-env-0209da0b-99ae-4f8b-8a7a-43f2dff88df0"><testcase classname="backend.tests.test_kit_composition_features.TestKitCompositionCRUD" name="test_get_kit_composition_returns_list" time="0.531" /><testcase classname="backend.tests.test_kit_composition_features.TestKitCompositionCRUD" name="test_kit_composition_has_power_bank_and_ssd" time="0.474" /><testcase classname="backend.tests.test_kit_composition_features.TestKitCompositionCRUD" name="test_add_kit_composition_item" time="0.853" /><testcase classname="backend.tests.test_kit_composition_features.TestKitCompositionCRUD" name="test_update_kit_composition_item" time="0.946" /><testcase classname="backend.tests.test_kit_composition_features.TestKitCompositionCRUD" name="test_delete_kit_composition_item" time="0.681" /><testcase classname="backend.tests.test_kit_composition_features.TestKitCompositionCRUD" name="test_add_duplicate_category_fails" time="0.811" /><testcase classname="backend.tests.test_kit_composition_features.TestKitCompositionCRUD" name="test_non_admin_cannot_modify_kit_composition" time="0.930" /><testcase classname="backend.tests.test_kit_composition_features.TestDeploymentsKitChips" name="test_deployments_include_assigned_kits" time="0.451" /><testcase classname="backend.tests.test_kit_composition_features.TestDeploymentsKitChips" name="test_create_deployment_with_kits" time="0.898" /><testcase classname="backend.tests.test_kit_composition_features.TestInventoryKitCompleteness" name="test_kit_composition_endpoint_accessible" time="0.452" /><testcase classname="backend.tests.test_kit_composition_features.TestInventoryKitCompleteness" name="test_items_distribution_endpoint" time="0.477" /><testcase classname="backend.tests.test_kit_composition_features.TestAdminPanelKitCompositionTab" name="test_all_admin_panel_endpoints_work" time="0.918" /></testsuite></testsuites>