<?xml version="1.0" encoding="utf-8"?><testsuites name="pytest tests"><testsuite name="pytest" errors="0" failures="0" skipped="0" tests="12" time="11.543" timestamp="2026-03-20T08:57:01.651516+00:00" hostname="agent-env-02abb084-96d2-4783-bad5-29ef88a567f6"><testcase classname="backend.tests.test_collection_system.TestCollectionSystem" name="test_start_collection_creates_new_record" time="1.384" /><testcase classname="backend.tests.test_collection_system.TestCollectionSystem" name="test_pause_button_works_and_updates_status" time="1.377" /><testcase classname="backend.tests.test_collection_system.TestCollectionSystem" name="test_resume_button_works_after_pause" time="1.396" /><testcase classname="backend.tests.test_collection_system.TestCollectionSystem" name="test_stop_button_works_and_calculates_duration" time="2.266" /><testcase classname="backend.tests.test_collection_system.TestCollectionSystem" name="test_any_deployment_manager_can_control_collection" time="1.399" /><testcase classname="backend.tests.test_collection_system.TestLiveDashboard" name="test_live_dashboard_returns_correct_date" time="0.436" /><testcase classname="backend.tests.test_collection_system.TestLiveDashboard" name="test_live_dashboard_has_realtime_tracking_data" time="0.439" /><testcase classname="backend.tests.test_collection_system.TestLiveDashboard" name="test_live_dashboard_shows_status_in_active_record" time="0.855" /><testcase classname="backend.tests.test_collection_system.TestAnalytics" name="test_analytics_shows_total_deployments" time="0.444" /><testcase classname="backend.tests.test_collection_system.TestAnalytics" name="test_analytics_shows_collection_records" time="0.469" /><testcase classname="backend.tests.test_collection_system.TestAnalytics" name="test_analytics_does_not_have_hours_per_bnb" time="0.446" /><testcase classname="backend.tests.test_collection_system.TestAnalytics" name="test_analytics_structure" time="0.436" /></testsuite></testsuites>