<?xml version="1.0" encoding="utf-8"?><testsuites name="pytest tests"><testsuite name="pytest" errors="0" failures="0" skipped="0" tests="18" time="14.699" timestamp="2026-03-18T16:39:34.211532+00:00" hostname="agent-env-fa2cf360-3ce6-4271-b5ae-47a9af64b533"><testcase classname="backend.tests.test_deployment_planning.TestDeploymentPlanningAuth" name="test_admin_can_access_deployment_summary" time="1.340" /><testcase classname="backend.tests.test_deployment_planning.TestDeploymentPlanningAuth" name="test_deployer_cannot_access_deployment_summary" time="1.509" /><testcase classname="backend.tests.test_deployment_planning.TestDeploymentPlanningAuth" name="test_deployer_cannot_create_assignment" time="1.340" /><testcase classname="backend.tests.test_deployment_planning.TestDeploymentSummaryEndpoint" name="test_summary_returns_correct_structure" time="0.549" /><testcase classname="backend.tests.test_deployment_planning.TestDeploymentSummaryEndpoint" name="test_summary_for_different_dates" time="0.781" /><testcase classname="backend.tests.test_deployment_planning.TestAssignmentCRUD" name="test_create_assignment" time="0.697" /><testcase classname="backend.tests.test_deployment_planning.TestAssignmentCRUD" name="test_get_assignments_by_date" time="0.491" /><testcase classname="backend.tests.test_deployment_planning.TestAssignmentCRUD" name="test_get_assignments_range" time="0.510" /><testcase classname="backend.tests.test_deployment_planning.TestAssignmentCRUD" name="test_update_assignment" time="0.748" /><testcase classname="backend.tests.test_deployment_planning.TestAssignmentCRUD" name="test_delete_assignment" time="0.817" /><testcase classname="backend.tests.test_deployment_planning.TestEnhancedShiftEvents" name="test_create_start_shift_event" time="0.662" /><testcase classname="backend.tests.test_deployment_planning.TestEnhancedShiftEvents" name="test_create_end_shift_with_inventory_health" time="0.616" /><testcase classname="backend.tests.test_deployment_planning.TestEnhancedShiftEvents" name="test_get_shift_events" time="0.647" /><testcase classname="backend.tests.test_deployment_planning.TestDeployerKitFiltering" name="test_deployer_has_assigned_bnb" time="0.908" /><testcase classname="backend.tests.test_deployment_planning.TestDeployerKitFiltering" name="test_get_kits_returns_all_for_filtering" time="1.051" /><testcase classname="backend.tests.test_deployment_planning.TestDeployerKitFiltering" name="test_my_bnb_dashboard" time="0.840" /><testcase classname="backend.tests.test_deployment_planning.TestSSDTracking" name="test_get_ssds" time="0.513" /><testcase classname="backend.tests.test_deployment_planning.TestSSDTracking" name="test_end_shift_updates_ssd_space" time="0.624" /></testsuite></testsuites>