<?xml version="1.0" encoding="utf-8"?><testsuites name="pytest tests"><testsuite name="pytest" errors="0" failures="0" skipped="0" tests="10" time="11.360" timestamp="2026-03-22T07:31:11.469938+00:00" hostname="agent-env-38abd356-621a-4e07-9499-56917a657241"><testcase classname="backend.tests.test_damage_lost_flow.TestDamageLostFlow" name="test_distribution_excludes_damaged_items" time="2.274" /><testcase classname="backend.tests.test_damage_lost_flow.TestDamageLostFlow" name="test_distribution_excludes_lost_items" time="1.013" /><testcase classname="backend.tests.test_damage_lost_flow.TestDamageLostFlow" name="test_damage_event_updates_item_status" time="0.887" /><testcase classname="backend.tests.test_damage_lost_flow.TestDamageLostFlow" name="test_lost_event_updates_item_status" time="0.820" /><testcase classname="backend.tests.test_damage_lost_flow.TestDamageLostFlow" name="test_items_api_returns_all_statuses" time="1.169" /><testcase classname="backend.tests.test_damage_lost_flow.TestDamageLostFlow" name="test_unique_category_damage_flow" time="1.061" /><testcase classname="backend.tests.test_damage_lost_flow.TestDamageLostFlow" name="test_non_unique_category_lost_flow" time="1.326" /><testcase classname="backend.tests.test_damage_lost_flow.TestDamageLostFlow" name="test_kit_completeness_excludes_damaged_items" time="1.165" /><testcase classname="backend.tests.test_damage_lost_flow.TestDamageLostFlow" name="test_transfer_only_shows_active_items" time="0.982" /><testcase classname="backend.tests.test_damage_lost_flow.TestDamageLostFlow" name="test_categories_endpoint" time="0.548" /></testsuite></testsuites>