<?xml version="1.0" encoding="utf-8"?><testsuites name="pytest tests"><testsuite name="pytest" errors="0" failures="0" skipped="0" tests="19" time="6.378" timestamp="2026-03-18T18:04:54.641622+00:00" hostname="agent-env-fa2cf360-3ce6-4271-b5ae-47a9af64b533"><testcase classname="backend.tests.test_phase3_features.TestPhase3Features" name="test_kit_history_endpoint_exists" time="0.948" /><testcase classname="backend.tests.test_phase3_features.TestPhase3Features" name="test_kit_history_returns_damage_events" time="0.329" /><testcase classname="backend.tests.test_phase3_features.TestPhase3Features" name="test_kit_history_deployer_denied" time="0.520" /><testcase classname="backend.tests.test_phase3_features.TestPhase3Features" name="test_kit_history_not_found" time="0.111" /><testcase classname="backend.tests.test_phase3_features.TestPhase3Features" name="test_worker_history_endpoint_exists" time="0.332" /><testcase classname="backend.tests.test_phase3_features.TestPhase3Features" name="test_worker_history_self_access" time="0.257" /><testcase classname="backend.tests.test_phase3_features.TestPhase3Features" name="test_worker_history_other_denied" time="0.403" /><testcase classname="backend.tests.test_phase3_features.TestPhase3Features" name="test_create_incident" time="0.339" /><testcase classname="backend.tests.test_phase3_features.TestPhase3Features" name="test_get_incidents_list" time="0.120" /><testcase classname="backend.tests.test_phase3_features.TestPhase3Features" name="test_get_incidents_filtered_by_status" time="0.131" /><testcase classname="backend.tests.test_phase3_features.TestPhase3Features" name="test_update_incident_status" time="0.459" /><testcase classname="backend.tests.test_phase3_features.TestPhase3Features" name="test_update_incident_to_resolved" time="0.416" /><testcase classname="backend.tests.test_phase3_features.TestPhase3Features" name="test_deployer_cannot_create_incident" time="0.109" /><testcase classname="backend.tests.test_phase3_features.TestPhase3Features" name="test_incidents_summary" time="0.172" /><testcase classname="backend.tests.test_phase3_features.TestPhase3Features" name="test_incidents_summary_deployer_denied" time="0.168" /><testcase classname="backend.tests.test_phase3_features.TestPhase3Features" name="test_create_bnb_via_kits_endpoint" time="0.139" /><testcase classname="backend.tests.test_phase3_features.TestPhase3Features" name="test_deployer_cannot_create_bnb" time="0.131" /><testcase classname="backend.tests.test_phase3_features.TestPhase3Features" name="test_worker_history_includes_incidents" time="0.286" /><testcase classname="backend.tests.test_phase3_features.TestDeploymentSummary" name="test_deployment_summary_has_bnbs_list" time="0.869" /></testsuite></testsuites>