<?xml version="1.0" encoding="utf-8"?><testsuites name="pytest tests"><testsuite name="pytest" errors="0" failures="0" skipped="0" tests="16" time="10.137" timestamp="2026-03-22T09:40:11.552684+00:00" hostname="agent-env-38abd356-621a-4e07-9499-56917a657241"><testcase classname="backend.tests.test_category_management.TestCategoryManagement" name="test_get_categories_returns_type_and_count" time="0.512" /><testcase classname="backend.tests.test_category_management.TestCategoryManagement" name="test_create_category_admin_only" time="0.635" /><testcase classname="backend.tests.test_category_management.TestCategoryManagement" name="test_update_category_admin_only" time="0.721" /><testcase classname="backend.tests.test_category_management.TestCategoryManagement" name="test_delete_category_blocked_with_items" time="0.574" /><testcase classname="backend.tests.test_category_management.TestCategoryManagement" name="test_delete_empty_category_succeeds" time="0.529" /><testcase classname="backend.tests.test_category_management.TestTransferFlow" name="test_quantity_transfer_endpoint_exists" time="0.461" /><testcase classname="backend.tests.test_category_management.TestTransferFlow" name="test_quantity_transfer_non_unique_category" time="0.753" /><testcase classname="backend.tests.test_category_management.TestTransferFlow" name="test_unique_category_transfer_requires_item_selection" time="0.432" /><testcase classname="backend.tests.test_category_management.TestDamageLostFlow" name="test_damage_lost_quantity_endpoint_exists" time="0.423" /><testcase classname="backend.tests.test_category_management.TestDamageLostFlow" name="test_damage_lost_quantity_validates_status" time="0.573" /><testcase classname="backend.tests.test_category_management.TestDamageLostFlow" name="test_unique_damage_auto_detects_location" time="0.778" /><testcase classname="backend.tests.test_category_management.TestSSDTransferFlow" name="test_ssd_category_is_unique" time="0.416" /><testcase classname="backend.tests.test_category_management.TestSSDTransferFlow" name="test_ssd_ready_for_offload_status" time="0.629" /><testcase classname="backend.tests.test_category_management.TestSSDTransferFlow" name="test_ssds_endpoint_returns_data" time="1.053" /><testcase classname="backend.tests.test_category_management.TestDistributionExclusions" name="test_distribution_excludes_damaged_items" time="0.806" /><testcase classname="backend.tests.test_category_management.TestDistributionExclusions" name="test_distribution_excludes_lost_items" time="0.714" /></testsuite></testsuites>