<?xml version="1.0" encoding="utf-8"?><testsuites name="pytest tests"><testsuite name="pytest" errors="0" failures="0" skipped="0" tests="19" time="9.659" timestamp="2026-03-18T13:59:22.560353+00:00" hostname="agent-env-fa2cf360-3ce6-4271-b5ae-47a9af64b533"><testcase classname="tests.test_inventory_management.TestAuth" name="test_admin_login" time="0.516" /><testcase classname="tests.test_inventory_management.TestAuth" name="test_deployer_login" time="0.329" /><testcase classname="tests.test_inventory_management.TestAuth" name="test_station_login" time="0.331" /><testcase classname="tests.test_inventory_management.TestItemsCRUD" name="test_get_all_items" time="0.455" /><testcase classname="tests.test_inventory_management.TestItemsCRUD" name="test_create_item_admin" time="0.573" /><testcase classname="tests.test_inventory_management.TestItemsCRUD" name="test_update_item_admin" time="0.588" /><testcase classname="tests.test_inventory_management.TestItemsCRUD" name="test_deployer_cannot_update_items" time="0.521" /><testcase classname="tests.test_inventory_management.TestItemsCRUD" name="test_deployer_cannot_delete_items" time="0.442" /><testcase classname="tests.test_inventory_management.TestItemsCRUD" name="test_delete_item_admin" time="0.710" /><testcase classname="tests.test_inventory_management.TestBulkAddItems" name="test_bulk_add_items_admin" time="0.445" /><testcase classname="tests.test_inventory_management.TestBulkAddItems" name="test_bulk_add_items_deployer_denied" time="0.520" /><testcase classname="tests.test_inventory_management.TestInventorySummary" name="test_inventory_summary_endpoint" time="0.442" /><testcase classname="tests.test_inventory_management.TestInventorySummary" name="test_inventory_endpoint" time="0.458" /><testcase classname="tests.test_inventory_management.TestEventTypes" name="test_create_check_out_event" time="0.429" /><testcase classname="tests.test_inventory_management.TestEventTypes" name="test_create_check_in_event" time="0.447" /><testcase classname="tests.test_inventory_management.TestEventTypes" name="test_create_wear_flag_event" time="0.583" /><testcase classname="tests.test_inventory_management.TestGetEvents" name="test_get_events_by_type" time="0.696" /><testcase classname="tests.test_inventory_management.TestItemFilters" name="test_get_items_by_category" time="0.600" /><testcase classname="tests.test_inventory_management.TestItemFilters" name="test_get_ssds" time="0.447" /></testsuite></testsuites>