<?xml version="1.0" encoding="utf-8"?><testsuites name="pytest tests"><testsuite name="pytest" errors="0" failures="2" skipped="0" tests="13" time="10.438" timestamp="2026-04-14T10:09:43.501236+00:00" hostname="agent-env-0209da0b-99ae-4f8b-8a7a-43f2dff88df0"><testcase classname="backend.tests.test_unique_item_edit_delete.TestUniqueItemEditDelete" name="test_get_categories_returns_unique_and_non_unique" time="0.737" /><testcase classname="backend.tests.test_unique_item_edit_delete.TestUniqueItemEditDelete" name="test_create_unique_item_ssd" time="0.780" /><testcase classname="backend.tests.test_unique_item_edit_delete.TestUniqueItemEditDelete" name="test_edit_item_rename_keeps_item_id" time="0.768"><failure message="AssertionError: Failed to create item: Internal Server Error&#10;assert 500 == 200&#10; +  where 500 = &lt;Response [500]&gt;.status_code">backend/tests/test_unique_item_edit_delete.py:107: in test_edit_item_rename_keeps_item_id
    assert create_response.status_code == 200, f"Failed to create item: {create_response.text}"
E   AssertionError: Failed to create item: Internal Server Error
E   assert 500 == 200
E    +  where 500 = &lt;Response [500]&gt;.status_code</failure></testcase><testcase classname="backend.tests.test_unique_item_edit_delete.TestUniqueItemEditDelete" name="test_edit_item_update_status" time="0.860" /><testcase classname="backend.tests.test_unique_item_edit_delete.TestUniqueItemEditDelete" name="test_edit_item_duplicate_name_rejected" time="1.046" /><testcase classname="backend.tests.test_unique_item_edit_delete.TestUniqueItemEditDelete" name="test_delete_item_success" time="0.878" /><testcase classname="backend.tests.test_unique_item_edit_delete.TestUniqueItemEditDelete" name="test_delete_item_with_location_returns_warning_info" time="0.765" /><testcase classname="backend.tests.test_unique_item_edit_delete.TestUniqueItemEditDelete" name="test_delete_nonexistent_item_returns_404" time="1.093"><failure message="AssertionError: Should return 404 for non-existent item&#10;assert 200 == 404&#10; +  where 200 = &lt;Response [200]&gt;.status_code">backend/tests/test_unique_item_edit_delete.py:272: in test_delete_nonexistent_item_returns_404
    assert delete_response.status_code == 404, "Should return 404 for non-existent item"
E   AssertionError: Should return 404 for non-existent item
E   assert 200 == 404
E    +  where 200 = &lt;Response [200]&gt;.status_code</failure></testcase><testcase classname="backend.tests.test_unique_item_edit_delete.TestUniqueItemEditDelete" name="test_get_category_items_ssd" time="0.679" /><testcase classname="backend.tests.test_unique_item_edit_delete.TestUniqueItemEditDelete" name="test_get_category_items_imu_non_unique" time="0.655" /><testcase classname="backend.tests.test_unique_item_edit_delete.TestUniqueItemEditDelete" name="test_non_admin_cannot_delete_item" time="1.194" /><testcase classname="backend.tests.test_unique_item_edit_delete.TestExistingSSDItems" name="test_ssd_items_exist" time="0.445" /><testcase classname="backend.tests.test_unique_item_edit_delete.TestExistingSSDItems" name="test_ssd_category_is_unique" time="0.462" /></testsuite></testsuites>