<?xml version="1.0" encoding="utf-8"?><testsuites name="pytest tests"><testsuite name="pytest" errors="0" failures="0" skipped="0" tests="12" time="6.917" timestamp="2026-03-22T11:21:35.866768+00:00" hostname="agent-env-38abd356-621a-4e07-9499-56917a657241"><testcase classname="backend.tests.test_shift_filtering_kit_transfer.TestShiftFiltering" name="test_shifts_by_deployment_returns_shift_field" time="0.701" /><testcase classname="backend.tests.test_shift_filtering_kit_transfer.TestShiftFiltering" name="test_shift_records_have_valid_shift_values" time="0.806" /><testcase classname="backend.tests.test_shift_filtering_kit_transfer.TestShiftFiltering" name="test_start_shift_includes_shift_field" time="0.588" /><testcase classname="backend.tests.test_shift_filtering_kit_transfer.TestFullKitTransfer" name="test_transfer_kit_endpoint_exists" time="0.432" /><testcase classname="backend.tests.test_shift_filtering_kit_transfer.TestFullKitTransfer" name="test_transfer_kit_requires_kit_id" time="0.440" /><testcase classname="backend.tests.test_shift_filtering_kit_transfer.TestFullKitTransfer" name="test_transfer_kit_requires_to_location" time="0.436" /><testcase classname="backend.tests.test_shift_filtering_kit_transfer.TestFullKitTransfer" name="test_transfer_kit_with_no_items_returns_error" time="0.436" /><testcase classname="backend.tests.test_shift_filtering_kit_transfer.TestFullKitTransfer" name="test_transfer_kit_success_flow" time="0.897" /><testcase classname="backend.tests.test_shift_filtering_kit_transfer.TestFullKitTransfer" name="test_transfer_kit_excludes_damaged_lost_items" time="0.450" /><testcase classname="backend.tests.test_shift_filtering_kit_transfer.TestInventoryDistributionAfterTransfer" name="test_distribution_endpoint_works" time="0.433" /><testcase classname="backend.tests.test_shift_filtering_kit_transfer.TestInventoryDistributionAfterTransfer" name="test_distribution_reflects_item_locations" time="0.543" /><testcase classname="backend.tests.test_shift_filtering_kit_transfer.TestHardwareCheckShiftSpecific" name="test_hardware_check_status_accepts_shift_type" time="0.637" /></testsuite></testsuites>