<?xml version="1.0" encoding="utf-8"?><testsuites name="pytest tests"><testsuite name="pytest" errors="0" failures="0" skipped="0" tests="15" time="8.373" timestamp="2026-03-18T17:14:59.496826+00:00" hostname="agent-env-fa2cf360-3ce6-4271-b5ae-47a9af64b533"><testcase classname="backend.tests.test_admin_analytics.TestAuthentication" name="test_admin_can_login" time="0.574" /><testcase classname="backend.tests.test_admin_analytics.TestAuthentication" name="test_supervisor_can_login" time="0.387" /><testcase classname="backend.tests.test_admin_analytics.TestAuthentication" name="test_deployer_can_login" time="0.340" /><testcase classname="backend.tests.test_admin_analytics.TestAnalyticsAccessControl" name="test_admin_can_access_overview" time="0.526" /><testcase classname="backend.tests.test_admin_analytics.TestAnalyticsAccessControl" name="test_supervisor_can_access_overview" time="0.481" /><testcase classname="backend.tests.test_admin_analytics.TestAnalyticsAccessControl" name="test_deployer_cannot_access_overview" time="0.523" /><testcase classname="backend.tests.test_admin_analytics.TestAnalyticsAccessControl" name="test_deployer_cannot_access_daily_hours" time="0.559" /><testcase classname="backend.tests.test_admin_analytics.TestAnalyticsOverviewEndpoint" name="test_overview_returns_correct_structure" time="0.462" /><testcase classname="backend.tests.test_admin_analytics.TestAnalyticsOverviewEndpoint" name="test_overview_with_different_date_ranges" time="0.951" /><testcase classname="backend.tests.test_admin_analytics.TestDailyHoursEndpoint" name="test_daily_hours_returns_array" time="0.485" /><testcase classname="backend.tests.test_admin_analytics.TestBnbPerformanceEndpoint" name="test_bnb_performance_returns_array" time="0.490" /><testcase classname="backend.tests.test_admin_analytics.TestCategoryBreakdownEndpoint" name="test_category_breakdown_returns_array" time="0.467" /><testcase classname="backend.tests.test_admin_analytics.TestWorkerPerformanceEndpoint" name="test_worker_performance_returns_array" time="0.494" /><testcase classname="backend.tests.test_admin_analytics.TestInventoryHealthEndpoint" name="test_inventory_health_returns_correct_structure" time="0.623" /><testcase classname="backend.tests.test_admin_analytics.TestAnalyticsWithTestData" name="test_create_end_shift_with_analytics_data" time="0.933" /></testsuite></testsuites>