<?xml version="1.0" encoding="utf-8"?><testsuites name="pytest tests"><testsuite name="pytest" errors="0" failures="0" skipped="0" tests="11" time="4.475" timestamp="2026-03-20T13:45:37.818567+00:00" hostname="agent-env-02abb084-96d2-4783-bad5-29ef88a567f6"><testcase classname="backend.tests.test_critical_fixes.TestOperationalDateEndpoint" name="test_operational_date_returns_correct_format" time="0.142" /><testcase classname="backend.tests.test_critical_fixes.TestOperationalDateEndpoint" name="test_operational_date_returns_timezone" time="0.143" /><testcase classname="backend.tests.test_critical_fixes.TestDeploymentStructure" name="test_deployment_has_morning_and_evening_managers" time="0.491" /><testcase classname="backend.tests.test_critical_fixes.TestDeploymentStructure" name="test_one_deployment_per_bnb_per_date" time="0.462" /><testcase classname="backend.tests.test_critical_fixes.TestDeploymentStructure" name="test_deployment_date_is_single_source_of_truth" time="0.455" /><testcase classname="backend.tests.test_critical_fixes.TestLiveDashboardDate" name="test_live_dashboard_returns_correct_date" time="0.446" /><testcase classname="backend.tests.test_critical_fixes.TestLiveDashboardDate" name="test_live_dashboard_has_bnb_breakdown" time="0.488" /><testcase classname="backend.tests.test_critical_fixes.TestCollectionRecordDateSource" name="test_shifts_have_date_from_deployment" time="0.475" /><testcase classname="backend.tests.test_critical_fixes.TestCollectionRecordDateSource" name="test_shifts_by_deployment_endpoint" time="0.496" /><testcase classname="backend.tests.test_critical_fixes.TestAddDeploymentAPI" name="test_create_deployment_with_morning_evening_managers" time="0.386" /><testcase classname="backend.tests.test_critical_fixes.TestAddDeploymentAPI" name="test_deployment_requires_at_least_one_manager" time="0.427" /></testsuite></testsuites>