<?xml version="1.0" encoding="utf-8"?><testsuites name="pytest tests"><testsuite name="pytest" errors="0" failures="0" skipped="0" tests="16" time="11.842" timestamp="2026-03-18T20:52:11.290021+00:00" hostname="agent-env-a1c9f29f-d434-4330-b10d-1af6f0973ec6"><testcase classname="backend.tests.test_restructured_features.TestAuthentication" name="test_admin_login" time="0.439" /><testcase classname="backend.tests.test_restructured_features.TestAuthentication" name="test_manager_login" time="0.328" /><testcase classname="backend.tests.test_restructured_features.TestShiftRequiresDeploymentId" name="test_shift_start_requires_deployment_id" time="0.867" /><testcase classname="backend.tests.test_restructured_features.TestShiftRequiresDeploymentId" name="test_get_shifts_by_deployment" time="0.970" /><testcase classname="backend.tests.test_restructured_features.TestInventoryCategories" name="test_items_have_category_field" time="0.805" /><testcase classname="backend.tests.test_restructured_features.TestInventoryCategories" name="test_create_item_with_category" time="0.941" /><testcase classname="backend.tests.test_restructured_features.TestInventoryCategories" name="test_manager_cannot_delete_items" time="1.124" /><testcase classname="backend.tests.test_restructured_features.TestInventoryCategories" name="test_manager_cannot_edit_items" time="1.027" /><testcase classname="backend.tests.test_restructured_features.TestInventoryCategories" name="test_manager_can_view_items" time="0.834" /><testcase classname="backend.tests.test_restructured_features.TestInventoryCategories" name="test_manager_can_transfer_items" time="0.862" /><testcase classname="backend.tests.test_restructured_features.TestInventoryCategories" name="test_manager_can_report_damage" time="0.824" /><testcase classname="backend.tests.test_restructured_features.TestTransferLocationTypes" name="test_transfer_kit_to_kit" time="0.449" /><testcase classname="backend.tests.test_restructured_features.TestTransferLocationTypes" name="test_transfer_kit_to_bnb" time="0.488" /><testcase classname="backend.tests.test_restructured_features.TestTransferLocationTypes" name="test_transfer_kit_to_station" time="0.477" /><testcase classname="backend.tests.test_restructured_features.TestDeploymentsWithKits" name="test_deployment_has_assigned_kits" time="0.456" /><testcase classname="backend.tests.test_restructured_features.TestDeploymentsWithKits" name="test_create_deployment_with_kits" time="0.874" /></testsuite></testsuites>