<?xml version="1.0" encoding="utf-8"?><testsuites name="pytest tests"><testsuite name="pytest" errors="0" failures="0" skipped="0" tests="17" time="3.917" timestamp="2026-03-18T19:47:02.499696+00:00" hostname="agent-env-a1c9f29f-d434-4330-b10d-1af6f0973ec6"><testcase classname="backend.tests.test_inventory_crud.TestHealth" name="test_health_endpoint" time="0.153" /><testcase classname="backend.tests.test_inventory_crud.TestAdminInventoryCRUD" name="test_admin_login" time="0.397" /><testcase classname="backend.tests.test_inventory_crud.TestAdminInventoryCRUD" name="test_admin_can_create_item" time="0.130" /><testcase classname="backend.tests.test_inventory_crud.TestAdminInventoryCRUD" name="test_admin_can_update_item" time="0.141" /><testcase classname="backend.tests.test_inventory_crud.TestAdminInventoryCRUD" name="test_admin_can_verify_item_updated" time="0.109" /><testcase classname="backend.tests.test_inventory_crud.TestAdminInventoryCRUD" name="test_admin_can_delete_item" time="0.182" /><testcase classname="backend.tests.test_inventory_crud.TestAdminInventoryCRUD" name="test_item_deletion_persists" time="0.136" /><testcase classname="backend.tests.test_inventory_crud.TestDeploymentManagerPermissions" name="test_manager_login" time="0.417" /><testcase classname="backend.tests.test_inventory_crud.TestDeploymentManagerPermissions" name="test_manager_can_view_items" time="0.124" /><testcase classname="backend.tests.test_inventory_crud.TestDeploymentManagerPermissions" name="test_manager_cannot_create_item" time="0.153" /><testcase classname="backend.tests.test_inventory_crud.TestDeploymentManagerPermissions" name="test_manager_cannot_update_item" time="0.156" /><testcase classname="backend.tests.test_inventory_crud.TestDeploymentManagerPermissions" name="test_manager_cannot_delete_item" time="0.133" /><testcase classname="backend.tests.test_inventory_crud.TestDeploymentManagerPermissions" name="test_manager_sees_only_assigned_deployments" time="0.113" /><testcase classname="backend.tests.test_inventory_crud.TestMultipleDeploymentManagers" name="test_create_deployment_with_multiple_managers" time="0.582" /><testcase classname="backend.tests.test_inventory_crud.TestMultipleDeploymentManagers" name="test_deployment_managers_array_exists" time="0.122" /><testcase classname="backend.tests.test_inventory_crud.TestItemUpdateEndpoint" name="test_update_item_status_to_damaged" time="0.673" /><testcase classname="backend.tests.test_inventory_crud.TestItemUpdateEndpoint" name="test_update_nonexistent_item_returns_404" time="0.130" /></testsuite></testsuites>